<?xml version="1.0" encoding="UTF-8"?>
<!-- Generated by org.testng.reporters.JUnitXMLReporter -->
<testsuite ignored="0" hostname="DESKTOP-VND2EAK" failures="0" tests="3" name="Default test" time="23.789" errors="0" timestamp="2023-12-21T09:23:55 IST">
  <testcase classname="com.tests.LoginTest" name="cd" time="2.757"/>
  <testcase classname="com.tests.LoginTest" name="cd" time="2.815"/>
  <testcase classname="com.tests.LoginTest" name="cd" time="2.908"/>
</testsuite> <!-- Default test -->
